\o Program:		@(#)$CDS: libManager version 6.1.8 - CAT37 04/25/2024 14:34 (csvcm36c-7) $
\o Sub version:		sub-version  s364 
\o Arguments:		-unmapped -mpssession virtuoso63914 -mpshost ece-lnx-07 
\o Working Directory:	ece-lnx-07:/ecel/UFAD/gonzalez.gonzalo/Desktop/Cadence/final_project2
\o 64-bit offsets
\o Qt version: 		5.9.1
\o MPS virtuoso types registered: 65
\o changeWorkingDir("/ecel/UFAD/gonzalez.gonzalo/Desktop/Cadence/final_project2") unnecessary.
\o ddSetForcedLib("") unnecessary.
\o Log file is "/ecel/UFAD/gonzalez.gonzalo/Desktop/Cadence/final_project2/libManager.log".
\o Opening libManager window.
\a nrSetWindowVisibility(cdsLibManager "show")
\o MPS service: map window
\o Library Manager customization server connected.
\a nrResizeWindow(cdsLibManager list(337 390 602 491))
\a nrSetCurrentWindow(cdsLibManager)
\w Warning: The directory: '/ecel/apps/cds/assura/tools.lnx86/assura/etc/avtech/avTech' does not exist
\w 	but was defined in libFile '/ecel/apps/cds/IC618/local/cds.lib' for Lib 'avTech'.
\a nrResizeWindow(cdsLibManager list(337 390 602 491))
\a cdsLibManager->FileNewLibButton->value = t
\a nrSetWindowVisibility(NewLibShell "show")
\a nrSetCurrentWindow(NewLibShell)
\a nrSetCurrentWindow(NewLibShell->subDialog)
\a nrResizeWindow(NewLibShell list(375 316 507 559))
\a NewLibShell->newLibNameText->value = "final_project"
\a NewLibShell->newLibOKButton->value = t
\a nrSetWindowVisibility(workingDialogForm "show")
\a nrSetCurrentWindow(workingDialogForm)
\o Created new library "final_project" at /ecel/UFAD/gonzalez.gonzalo/Desktop/Cadence/final_project2/final_project.
\w Warning: The directory: '/ecel/apps/cds/assura/tools.lnx86/assura/etc/avtech/avTech' does not exist
\w 	but was defined in libFile '/ecel/apps/cds/IC618/local/cds.lib' for Lib 'avTech'.
\a nrSetCurrentWindow(cdsLibManager)
\a nrResizeWindow(workingDialogForm list(474 492 309 133))
\a nrResizeWindow(NewLibShell list(375 279 507 559))
\w Warning: The directory: '/ecel/apps/cds/assura/tools.lnx86/assura/etc/avtech/avTech' does not exist
\w 	but was defined in libFile '/ecel/apps/cds/IC618/local/cds.lib' for Lib 'avTech'.
\a nrSetCurrentWindow(cdsLibManager)
\a nrSetCurrentWindow(cdsLibManager)
\a cdsLibManager->libListBox->value = "gpdk045"
\a cdsLibManager->libLineEdit->value = "gpdk045"
\a cdsLibManager->libListBox->value = "final_project"
\a cdsLibManager->libLineEdit->value = "final_project"
\a cdsLibManager->FileNewCVButton->value = t
\a cdsLibManager->libListBox->value = nil
\a cdsLibManager->libLineEdit->value = ""
\w Warning: The directory: '/ecel/apps/cds/assura/tools.lnx86/assura/etc/avtech/avTech' does not exist
\w 	but was defined in libFile '/ecel/apps/cds/IC618/local/cds.lib' for Lib 'avTech'.
\a cdsLibManager->libListBox->value = "final_project"
\a cdsLibManager->libLineEdit->value = "final_project"
\a nrSetCurrentWindow(cdsLibManager)
\a cdsLibManager->libListBox->value = nil
\a cdsLibManager->libLineEdit->value = ""
\w Warning: The directory: '/ecel/apps/cds/assura/tools.lnx86/assura/etc/avtech/avTech' does not exist
\w 	but was defined in libFile '/ecel/apps/cds/IC618/local/cds.lib' for Lib 'avTech'.
\a cdsLibManager->libListBox->value = "final_project"
\a cdsLibManager->libLineEdit->value = "final_project"
\a cdsLibManager->cellListBox->value = "NAND2"
\a cdsLibManager->cellLineEdit->value = "NAND2"
\a cdsLibManager->viewListBox->value = "schematic"
\a cdsLibManager->viewLineEdit->value = "schematic"
\a cdsLibManager->cellLineEdit->value = ""
\a cdsLibManager->cellListBox->value = nil
\a cdsLibManager->viewLineEdit->value = ""
\a cdsLibManager->viewListBox->value = nil
\a cdsLibManager->cellListBox->value = "NAND2"
\a cdsLibManager->cellLineEdit->value = "NAND2"
\a cdsLibManager->viewListBox->value = "schematic"
\a cdsLibManager->viewLineEdit->value = "schematic"
\a cdsLibManager->viewLineEdit->value = ""
\a cdsLibManager->viewListBox->value = nil
\a cdsLibManager->viewListBox->value = "schematic"
\a cdsLibManager->viewLineEdit->value = "schematic"
\a nrSetCurrentWindow(cdsLibManager)
