\o Program:		@(#)$CDS: libManager version 6.1.8 - CAT37 04/25/2024 14:34 (csvcm36c-7) $
\o Sub version:		sub-version  s364 
\o Arguments:		-unmapped -mpssession virtuoso93675 -mpshost ece-lnx-09 
\o Working Directory:	ece-lnx-09:/ecel/UFAD/ameerhakim/Desktop/VLSI/final_project/final_project
\o 64-bit offsets
\o Qt version: 		5.9.1
\o MPS virtuoso types registered: 65
\o changeWorkingDir("/ecel/UFAD/ameerhakim/Desktop/VLSI/final_project/final_project") unnecessary.
\o ddSetForcedLib("") unnecessary.
\o Log file is "/ecel/UFAD/ameerhakim/Desktop/VLSI/final_project/final_project/libManager.log".
\o Opening libManager window.
\a nrSetWindowVisibility(cdsLibManager "show")
\o MPS service: map window
\o Library Manager customization server connected.
\a nrSetCurrentWindow(cdsLibManager)
\w Warning: The directory: '/ecel/apps/cds/assura/tools.lnx86/assura/etc/avtech/avTech' does not exist
\w 	but was defined in libFile '/ecel/UFAD/ameerhakim/Desktop/VLSI/final_project/final_project/cds.lib' for Lib 'avTech'.
\a nrResizeWindow(cdsLibManager list(244 272 975 705))
\a nrSetWindowVisibility(cdsLibManager "hide")
\a _lmgrCloseIconify("cdsLibManager" 1)
\o MPS service: shutdown
\o libManager is exiting.
\a exit(0)
